[     142ms] [INFO] %cDownload the React DevTools for a better development experience: https://reactjs.org/link/react-devtools font-weight:bold @ http://localhost:5173/node_modules/.vite/deps/chunk-PJEEZAML.js?v=bade26b8:21550
[  101573ms] [INFO] %cDownload the React DevTools for a better development experience: https://reactjs.org/link/react-devtools font-weight:bold @ http://localhost:5173/node_modules/.vite/deps/chunk-PJEEZAML.js?v=bade26b8:21550
[  101662ms] [ERROR] Failed to load resource: the server responded with a status of 404 (Not Found) @ http://localhost:5173/favicon.ico:0
[  298548ms] [ERROR] Warning: Invalid hook call. Hooks can only be called inside of the body of a function component. This could happen for one of the following reasons:
1. You might have mismatching versions of React and the renderer (such as React DOM)
2. You might be breaking the Rules of Hooks
3. You might have more than one copy of React in the same app
See https://reactjs.org/link/invalid-hook-call for tips about how to debug and fix this problem. @ http://localhost:5173/node_modules/.vite/deps/chunk-YHPANKLD.js?v=69cb3b2a:135
[  298549ms] [ERROR] Warning: Invalid hook call. Hooks can only be called inside of the body of a function component. This could happen for one of the following reasons:
1. You might have mismatching versions of React and the renderer (such as React DOM)
2. You might be breaking the Rules of Hooks
3. You might have more than one copy of React in the same app
See https://reactjs.org/link/invalid-hook-call for tips about how to debug and fix this problem. @ http://localhost:5173/node_modules/.vite/deps/chunk-YHPANKLD.js?v=69cb3b2a:135
[  298554ms] TypeError: Cannot read properties of null (reading 'useContext')
    at useContext (http://localhost:5173/node_modules/.vite/deps/chunk-YHPANKLD.js?v=69cb3b2a:1062:29)
    at MotionDOMComponent (http://localhost:5173/node_modules/.vite/deps/framer-motion.js?v=a802da8e:8882:40)
    at renderWithHooks (http://localhost:5173/node_modules/.vite/deps/chunk-PJEEZAML.js?v=bade26b8:11548:26)
    at updateForwardRef (http://localhost:5173/node_modules/.vite/deps/chunk-PJEEZAML.js?v=bade26b8:14325:28)
    at beginWork (http://localhost:5173/node_modules/.vite/deps/chunk-PJEEZAML.js?v=bade26b8:15946:22)
    at HTMLUnknownElement.callCallback2 (http://localhost:5173/node_modules/.vite/deps/chunk-PJEEZAML.js?v=bade26b8:3674:22)
    at Object.invokeGuardedCallbackDev (http://localhost:5173/node_modules/.vite/deps/chunk-PJEEZAML.js?v=bade26b8:3699:24)
    at invokeGuardedCallback (http://localhost:5173/node_modules/.vite/deps/chunk-PJEEZAML.js?v=bade26b8:3733:39)
    at beginWork$1 (http://localhost:5173/node_modules/.vite/deps/chunk-PJEEZAML.js?v=bade26b8:19765:15)
    at performUnitOfWork (http://localhost:5173/node_modules/.vite/deps/chunk-PJEEZAML.js?v=bade26b8:19198:20)
[  298553ms] [ERROR] Warning: Invalid hook call. Hooks can only be called inside of the body of a function component. This could happen for one of the following reasons:
1. You might have mismatching versions of React and the renderer (such as React DOM)
2. You might be breaking the Rules of Hooks
3. You might have more than one copy of React in the same app
See https://reactjs.org/link/invalid-hook-call for tips about how to debug and fix this problem. @ http://localhost:5173/node_modules/.vite/deps/chunk-YHPANKLD.js?v=69cb3b2a:135
[  298553ms] [ERROR] Warning: Invalid hook call. Hooks can only be called inside of the body of a function component. This could happen for one of the following reasons:
1. You might have mismatching versions of React and the renderer (such as React DOM)
2. You might be breaking the Rules of Hooks
3. You might have more than one copy of React in the same app
See https://reactjs.org/link/invalid-hook-call for tips about how to debug and fix this problem. @ http://localhost:5173/node_modules/.vite/deps/chunk-YHPANKLD.js?v=69cb3b2a:135
[  298555ms] TypeError: Cannot read properties of null (reading 'useContext')
    at useContext (http://localhost:5173/node_modules/.vite/deps/chunk-YHPANKLD.js?v=69cb3b2a:1062:29)
    at MotionDOMComponent (http://localhost:5173/node_modules/.vite/deps/framer-motion.js?v=a802da8e:8882:40)
    at renderWithHooks (http://localhost:5173/node_modules/.vite/deps/chunk-PJEEZAML.js?v=bade26b8:11548:26)
    at updateForwardRef (http://localhost:5173/node_modules/.vite/deps/chunk-PJEEZAML.js?v=bade26b8:14325:28)
    at beginWork (http://localhost:5173/node_modules/.vite/deps/chunk-PJEEZAML.js?v=bade26b8:15946:22)
    at HTMLUnknownElement.callCallback2 (http://localhost:5173/node_modules/.vite/deps/chunk-PJEEZAML.js?v=bade26b8:3674:22)
    at Object.invokeGuardedCallbackDev (http://localhost:5173/node_modules/.vite/deps/chunk-PJEEZAML.js?v=bade26b8:3699:24)
    at invokeGuardedCallback (http://localhost:5173/node_modules/.vite/deps/chunk-PJEEZAML.js?v=bade26b8:3733:39)
    at beginWork$1 (http://localhost:5173/node_modules/.vite/deps/chunk-PJEEZAML.js?v=bade26b8:19765:15)
    at performUnitOfWork (http://localhost:5173/node_modules/.vite/deps/chunk-PJEEZAML.js?v=bade26b8:19198:20)
[  298557ms] [ERROR] Warning: Invalid hook call. Hooks can only be called inside of the body of a function component. This could happen for one of the following reasons:
1. You might have mismatching versions of React and the renderer (such as React DOM)
2. You might be breaking the Rules of Hooks
3. You might have more than one copy of React in the same app
See https://reactjs.org/link/invalid-hook-call for tips about how to debug and fix this problem. @ http://localhost:5173/node_modules/.vite/deps/chunk-YHPANKLD.js?v=69cb3b2a:135
[  298557ms] [ERROR] Warning: Invalid hook call. Hooks can only be called inside of the body of a function component. This could happen for one of the following reasons:
1. You might have mismatching versions of React and the renderer (such as React DOM)
2. You might be breaking the Rules of Hooks
3. You might have more than one copy of React in the same app
See https://reactjs.org/link/invalid-hook-call for tips about how to debug and fix this problem. @ http://localhost:5173/node_modules/.vite/deps/chunk-YHPANKLD.js?v=69cb3b2a:135
[  298558ms] TypeError: Cannot read properties of null (reading 'useContext')
    at useContext (http://localhost:5173/node_modules/.vite/deps/chunk-YHPANKLD.js?v=69cb3b2a:1062:29)
    at usePresence (http://localhost:5173/node_modules/.vite/deps/framer-motion.js?v=a802da8e:8142:48)
    at AnimatePresence (http://localhost:5173/node_modules/.vite/deps/framer-motion.js?v=a802da8e:8176:43)
    at renderWithHooks (http://localhost:5173/node_modules/.vite/deps/chunk-PJEEZAML.js?v=bade26b8:11548:26)
    at mountIndeterminateComponent (http://localhost:5173/node_modules/.vite/deps/chunk-PJEEZAML.js?v=bade26b8:14926:21)
    at beginWork (http://localhost:5173/node_modules/.vite/deps/chunk-PJEEZAML.js?v=bade26b8:15914:22)
    at HTMLUnknownElement.callCallback2 (http://localhost:5173/node_modules/.vite/deps/chunk-PJEEZAML.js?v=bade26b8:3674:22)
    at Object.invokeGuardedCallbackDev (http://localhost:5173/node_modules/.vite/deps/chunk-PJEEZAML.js?v=bade26b8:3699:24)
    at invokeGuardedCallback (http://localhost:5173/node_modules/.vite/deps/chunk-PJEEZAML.js?v=bade26b8:3733:39)
    at beginWork$1 (http://localhost:5173/node_modules/.vite/deps/chunk-PJEEZAML.js?v=bade26b8:19765:15)
[  298558ms] [ERROR] Warning: Invalid hook call. Hooks can only be called inside of the body of a function component. This could happen for one of the following reasons:
1. You might have mismatching versions of React and the renderer (such as React DOM)
2. You might be breaking the Rules of Hooks
3. You might have more than one copy of React in the same app
See https://reactjs.org/link/invalid-hook-call for tips about how to debug and fix this problem. @ http://localhost:5173/node_modules/.vite/deps/chunk-YHPANKLD.js?v=69cb3b2a:135
[  298558ms] [ERROR] Warning: Invalid hook call. Hooks can only be called inside of the body of a function component. This could happen for one of the following reasons:
1. You might have mismatching versions of React and the renderer (such as React DOM)
2. You might be breaking the Rules of Hooks
3. You might have more than one copy of React in the same app
See https://reactjs.org/link/invalid-hook-call for tips about how to debug and fix this problem. @ http://localhost:5173/node_modules/.vite/deps/chunk-YHPANKLD.js?v=69cb3b2a:135
[  298560ms] TypeError: Cannot read properties of null (reading 'useContext')
    at useContext (http://localhost:5173/node_modules/.vite/deps/chunk-YHPANKLD.js?v=69cb3b2a:1062:29)
    at MotionDOMComponent (http://localhost:5173/node_modules/.vite/deps/framer-motion.js?v=a802da8e:8882:40)
    at renderWithHooks (http://localhost:5173/node_modules/.vite/deps/chunk-PJEEZAML.js?v=bade26b8:11548:26)
    at updateForwardRef (http://localhost:5173/node_modules/.vite/deps/chunk-PJEEZAML.js?v=bade26b8:14325:28)
    at beginWork (http://localhost:5173/node_modules/.vite/deps/chunk-PJEEZAML.js?v=bade26b8:15946:22)
    at HTMLUnknownElement.callCallback2 (http://localhost:5173/node_modules/.vite/deps/chunk-PJEEZAML.js?v=bade26b8:3674:22)
    at Object.invokeGuardedCallbackDev (http://localhost:5173/node_modules/.vite/deps/chunk-PJEEZAML.js?v=bade26b8:3699:24)
    at invokeGuardedCallback (http://localhost:5173/node_modules/.vite/deps/chunk-PJEEZAML.js?v=bade26b8:3733:39)
    at beginWork$1 (http://localhost:5173/node_modules/.vite/deps/chunk-PJEEZAML.js?v=bade26b8:19765:15)
    at performUnitOfWork (http://localhost:5173/node_modules/.vite/deps/chunk-PJEEZAML.js?v=bade26b8:19198:20)
[  298560ms] [ERROR] Warning: Invalid hook call. Hooks can only be called inside of the body of a function component. This could happen for one of the following reasons:
1. You might have mismatching versions of React and the renderer (such as React DOM)
2. You might be breaking the Rules of Hooks
3. You might have more than one copy of React in the same app
See https://reactjs.org/link/invalid-hook-call for tips about how to debug and fix this problem. @ http://localhost:5173/node_modules/.vite/deps/chunk-YHPANKLD.js?v=69cb3b2a:135
[  298561ms] [ERROR] Warning: Invalid hook call. Hooks can only be called inside of the body of a function component. This could happen for one of the following reasons:
1. You might have mismatching versions of React and the renderer (such as React DOM)
2. You might be breaking the Rules of Hooks
3. You might have more than one copy of React in the same app
See https://reactjs.org/link/invalid-hook-call for tips about how to debug and fix this problem. @ http://localhost:5173/node_modules/.vite/deps/chunk-YHPANKLD.js?v=69cb3b2a:135
[  298565ms] TypeError: Cannot read properties of null (reading 'useContext')
    at useContext (http://localhost:5173/node_modules/.vite/deps/chunk-YHPANKLD.js?v=69cb3b2a:1062:29)
    at MotionDOMComponent (http://localhost:5173/node_modules/.vite/deps/framer-motion.js?v=a802da8e:8882:40)
    at renderWithHooks (http://localhost:5173/node_modules/.vite/deps/chunk-PJEEZAML.js?v=bade26b8:11548:26)
    at updateForwardRef (http://localhost:5173/node_modules/.vite/deps/chunk-PJEEZAML.js?v=bade26b8:14325:28)
    at beginWork (http://localhost:5173/node_modules/.vite/deps/chunk-PJEEZAML.js?v=bade26b8:15946:22)
    at HTMLUnknownElement.callCallback2 (http://localhost:5173/node_modules/.vite/deps/chunk-PJEEZAML.js?v=bade26b8:3674:22)
    at Object.invokeGuardedCallbackDev (http://localhost:5173/node_modules/.vite/deps/chunk-PJEEZAML.js?v=bade26b8:3699:24)
    at invokeGuardedCallback (http://localhost:5173/node_modules/.vite/deps/chunk-PJEEZAML.js?v=bade26b8:3733:39)
    at beginWork$1 (http://localhost:5173/node_modules/.vite/deps/chunk-PJEEZAML.js?v=bade26b8:19765:15)
    at performUnitOfWork (http://localhost:5173/node_modules/.vite/deps/chunk-PJEEZAML.js?v=bade26b8:19198:20)
[  298562ms] [ERROR] Warning: Invalid hook call. Hooks can only be called inside of the body of a function component. This could happen for one of the following reasons:
1. You might have mismatching versions of React and the renderer (such as React DOM)
2. You might be breaking the Rules of Hooks
3. You might have more than one copy of React in the same app
See https://reactjs.org/link/invalid-hook-call for tips about how to debug and fix this problem. @ http://localhost:5173/node_modules/.vite/deps/chunk-YHPANKLD.js?v=69cb3b2a:135
[  298562ms] [ERROR] Warning: Invalid hook call. Hooks can only be called inside of the body of a function component. This could happen for one of the following reasons:
1. You might have mismatching versions of React and the renderer (such as React DOM)
2. You might be breaking the Rules of Hooks
3. You might have more than one copy of React in the same app
See https://reactjs.org/link/invalid-hook-call for tips about how to debug and fix this problem. @ http://localhost:5173/node_modules/.vite/deps/chunk-YHPANKLD.js?v=69cb3b2a:135
[  298566ms] TypeError: Cannot read properties of null (reading 'useContext')
    at useContext (http://localhost:5173/node_modules/.vite/deps/chunk-YHPANKLD.js?v=69cb3b2a:1062:29)
    at MotionDOMComponent (http://localhost:5173/node_modules/.vite/deps/framer-motion.js?v=a802da8e:8882:40)
    at renderWithHooks (http://localhost:5173/node_modules/.vite/deps/chunk-PJEEZAML.js?v=bade26b8:11548:26)
    at updateForwardRef (http://localhost:5173/node_modules/.vite/deps/chunk-PJEEZAML.js?v=bade26b8:14325:28)
    at beginWork (http://localhost:5173/node_modules/.vite/deps/chunk-PJEEZAML.js?v=bade26b8:15946:22)
    at HTMLUnknownElement.callCallback2 (http://localhost:5173/node_modules/.vite/deps/chunk-PJEEZAML.js?v=bade26b8:3674:22)
    at Object.invokeGuardedCallbackDev (http://localhost:5173/node_modules/.vite/deps/chunk-PJEEZAML.js?v=bade26b8:3699:24)
    at invokeGuardedCallback (http://localhost:5173/node_modules/.vite/deps/chunk-PJEEZAML.js?v=bade26b8:3733:39)
    at beginWork$1 (http://localhost:5173/node_modules/.vite/deps/chunk-PJEEZAML.js?v=bade26b8:19765:15)
    at performUnitOfWork (http://localhost:5173/node_modules/.vite/deps/chunk-PJEEZAML.js?v=bade26b8:19198:20)
[  298564ms] [ERROR] Warning: Invalid hook call. Hooks can only be called inside of the body of a function component. This could happen for one of the following reasons:
1. You might have mismatching versions of React and the renderer (such as React DOM)
2. You might be breaking the Rules of Hooks
3. You might have more than one copy of React in the same app
See https://reactjs.org/link/invalid-hook-call for tips about how to debug and fix this problem. @ http://localhost:5173/node_modules/.vite/deps/chunk-YHPANKLD.js?v=69cb3b2a:135
[  298564ms] [ERROR] Warning: Invalid hook call. Hooks can only be called inside of the body of a function component. This could happen for one of the following reasons:
1. You might have mismatching versions of React and the renderer (such as React DOM)
2. You might be breaking the Rules of Hooks
3. You might have more than one copy of React in the same app
See https://reactjs.org/link/invalid-hook-call for tips about how to debug and fix this problem. @ http://localhost:5173/node_modules/.vite/deps/chunk-YHPANKLD.js?v=69cb3b2a:135
[  298566ms] TypeError: Cannot read properties of null (reading 'useContext')
    at useContext (http://localhost:5173/node_modules/.vite/deps/chunk-YHPANKLD.js?v=69cb3b2a:1062:29)
    at usePresence (http://localhost:5173/node_modules/.vite/deps/framer-motion.js?v=a802da8e:8142:48)
    at AnimatePresence (http://localhost:5173/node_modules/.vite/deps/framer-motion.js?v=a802da8e:8176:43)
    at renderWithHooks (http://localhost:5173/node_modules/.vite/deps/chunk-PJEEZAML.js?v=bade26b8:11548:26)
    at mountIndeterminateComponent (http://localhost:5173/node_modules/.vite/deps/chunk-PJEEZAML.js?v=bade26b8:14926:21)
    at beginWork (http://localhost:5173/node_modules/.vite/deps/chunk-PJEEZAML.js?v=bade26b8:15914:22)
    at HTMLUnknownElement.callCallback2 (http://localhost:5173/node_modules/.vite/deps/chunk-PJEEZAML.js?v=bade26b8:3674:22)
    at Object.invokeGuardedCallbackDev (http://localhost:5173/node_modules/.vite/deps/chunk-PJEEZAML.js?v=bade26b8:3699:24)
    at invokeGuardedCallback (http://localhost:5173/node_modules/.vite/deps/chunk-PJEEZAML.js?v=bade26b8:3733:39)
    at beginWork$1 (http://localhost:5173/node_modules/.vite/deps/chunk-PJEEZAML.js?v=bade26b8:19765:15)
[  298565ms] [ERROR] Warning: Invalid hook call. Hooks can only be called inside of the body of a function component. This could happen for one of the following reasons:
1. You might have mismatching versions of React and the renderer (such as React DOM)
2. You might be breaking the Rules of Hooks
3. You might have more than one copy of React in the same app
See https://reactjs.org/link/invalid-hook-call for tips about how to debug and fix this problem. @ http://localhost:5173/node_modules/.vite/deps/chunk-YHPANKLD.js?v=69cb3b2a:135
[  298565ms] [ERROR] Warning: Invalid hook call. Hooks can only be called inside of the body of a function component. This could happen for one of the following reasons:
1. You might have mismatching versions of React and the renderer (such as React DOM)
2. You might be breaking the Rules of Hooks
3. You might have more than one copy of React in the same app
See https://reactjs.org/link/invalid-hook-call for tips about how to debug and fix this problem. @ http://localhost:5173/node_modules/.vite/deps/chunk-YHPANKLD.js?v=69cb3b2a:135
[  298567ms] TypeError: Cannot read properties of null (reading 'useContext')
    at useContext (http://localhost:5173/node_modules/.vite/deps/chunk-YHPANKLD.js?v=69cb3b2a:1062:29)
    at MotionDOMComponent (http://localhost:5173/node_modules/.vite/deps/framer-motion.js?v=a802da8e:8882:40)
    at renderWithHooks (http://localhost:5173/node_modules/.vite/deps/chunk-PJEEZAML.js?v=bade26b8:11548:26)
    at updateForwardRef (http://localhost:5173/node_modules/.vite/deps/chunk-PJEEZAML.js?v=bade26b8:14325:28)
    at beginWork (http://localhost:5173/node_modules/.vite/deps/chunk-PJEEZAML.js?v=bade26b8:15946:22)
    at HTMLUnknownElement.callCallback2 (http://localhost:5173/node_modules/.vite/deps/chunk-PJEEZAML.js?v=bade26b8:3674:22)
    at Object.invokeGuardedCallbackDev (http://localhost:5173/node_modules/.vite/deps/chunk-PJEEZAML.js?v=bade26b8:3699:24)
    at invokeGuardedCallback (http://localhost:5173/node_modules/.vite/deps/chunk-PJEEZAML.js?v=bade26b8:3733:39)
    at beginWork$1 (http://localhost:5173/node_modules/.vite/deps/chunk-PJEEZAML.js?v=bade26b8:19765:15)
    at performUnitOfWork (http://localhost:5173/node_modules/.vite/deps/chunk-PJEEZAML.js?v=bade26b8:19198:20)
[  298569ms] [ERROR] The above error occurred in the <ForwardRef(motion.header)> component:

    at MotionDOMComponent (http://localhost:5173/node_modules/.vite/deps/framer-motion.js?v=a802da8e:8882:40)
    at div
    at App (http://localhost:5173/src/App.tsx?t=1777758175100:32:18)

Consider adding an error boundary to your tree to customize error handling behavior.
Visit https://reactjs.org/link/error-boundaries to learn more about error boundaries. @ http://localhost:5173/node_modules/.vite/deps/chunk-PJEEZAML.js?v=bade26b8:14031
[  298569ms] [ERROR] The above error occurred in the <ForwardRef(motion.div)> component:

    at MotionDOMComponent (http://localhost:5173/node_modules/.vite/deps/framer-motion.js?v=a802da8e:8882:40)
    at main
    at div
    at App (http://localhost:5173/src/App.tsx?t=1777758175100:32:18)

Consider adding an error boundary to your tree to customize error handling behavior.
Visit https://reactjs.org/link/error-boundaries to learn more about error boundaries. @ http://localhost:5173/node_modules/.vite/deps/chunk-PJEEZAML.js?v=bade26b8:14031
[  298569ms] [ERROR] The above error occurred in the <AnimatePresence> component:

    at AnimatePresence (http://localhost:5173/node_modules/.vite/deps/framer-motion.js?v=a802da8e:8175:26)
    at main
    at div
    at App (http://localhost:5173/src/App.tsx?t=1777758175100:32:18)

Consider adding an error boundary to your tree to customize error handling behavior.
Visit https://reactjs.org/link/error-boundaries to learn more about error boundaries. @ http://localhost:5173/node_modules/.vite/deps/chunk-PJEEZAML.js?v=bade26b8:14031
[  298569ms] [ERROR] The above error occurred in the <ForwardRef(motion.div)> component:

    at MotionDOMComponent (http://localhost:5173/node_modules/.vite/deps/framer-motion.js?v=a802da8e:8882:40)
    at div
    at App (http://localhost:5173/src/App.tsx?t=1777758175100:32:18)

Consider adding an error boundary to your tree to customize error handling behavior.
Visit https://reactjs.org/link/error-boundaries to learn more about error boundaries. @ http://localhost:5173/node_modules/.vite/deps/chunk-PJEEZAML.js?v=bade26b8:14031
[  299262ms] [INFO] %cDownload the React DevTools for a better development experience: https://reactjs.org/link/react-devtools font-weight:bold @ http://localhost:5173/node_modules/.vite/deps/chunk-EJTTOCY5.js?v=69cb3b2a:21550
[  360498ms] [INFO] %cDownload the React DevTools for a better development experience: https://reactjs.org/link/react-devtools font-weight:bold @ http://localhost:5173/node_modules/.vite/deps/chunk-EJTTOCY5.js?v=69cb3b2a:21550
[  360581ms] [ERROR] Failed to load resource: the server responded with a status of 404 (Not Found) @ http://localhost:5173/favicon.ico:0
[  686214ms] [INFO] %cDownload the React DevTools for a better development experience: https://reactjs.org/link/react-devtools font-weight:bold @ http://localhost:5173/node_modules/.vite/deps/chunk-EJTTOCY5.js?v=69cb3b2a:21550
[  686339ms] [ERROR] Failed to load resource: the server responded with a status of 404 (Not Found) @ http://localhost:5173/favicon.ico:0
[ 1188879ms] [INFO] %cDownload the React DevTools for a better development experience: https://reactjs.org/link/react-devtools font-weight:bold @ http://localhost:5173/node_modules/.vite/deps/chunk-EJTTOCY5.js?v=69cb3b2a:21550
[ 1189004ms] [ERROR] Failed to load resource: the server responded with a status of 404 (Not Found) @ http://localhost:5173/favicon.ico:0
[ 2993762ms] [INFO] %cDownload the React DevTools for a better development experience: https://reactjs.org/link/react-devtools font-weight:bold @ http://localhost:5173/node_modules/.vite/deps/chunk-EJTTOCY5.js?v=69cb3b2a:21550
[ 2993877ms] [ERROR] Failed to load resource: the server responded with a status of 404 (Not Found) @ http://localhost:5173/favicon.ico:0
[ 2995352ms] [ERROR] Failed to load resource: the server responded with a status of 422 (Unprocessable Content) @ http://localhost:5173/api/grid?min_lat=31.508075959291055&min_lon=16.924316406250004&max_lat=45.8521452458518&max_lon=53.08056640625001&cell_km=2.23&type=wind:0
